  main.cpp
C:\Users\thech\Documents\GitHub\snes-daw-cpp--attempt-69-\Project1\sndemu\SPC_DSP.h(11,7): warning C4099: 'SPC_DSP': type name first seen using 'struct' now seen using 'class'
  (compiling source file 'main.cpp')
      C:\Users\thech\Documents\GitHub\snes-daw-cpp--attempt-69-\Project1\sndemu\SPC_DSP.h(11,7):
      see declaration of 'SPC_DSP'
  
C:\Users\thech\Documents\GitHub\snes-daw-cpp--attempt-69-\Project1\sndemu\SPC_DSP.h(238,57): warning C4244: 'return': conversion from '__int64' to 'int', possible loss of data
  (compiling source file 'main.cpp')
  
C:\Users\thech\Documents\GitHub\snes-daw-cpp--attempt-69-\Project1\main.cpp(88,36): warning C4554: '>>': check operator precedence for possible error; use parentheses to clarify precedence
C:\Users\thech\Documents\GitHub\snes-daw-cpp--attempt-69-\Project1\main.cpp(100,5): warning C4244: 'argument': conversion from 'double' to 'int', possible loss of data
C:\Users\thech\Documents\GitHub\snes-daw-cpp--attempt-69-\Project1\main.cpp(101,5): warning C4244: 'argument': conversion from 'double' to 'int', possible loss of data
C:\Users\thech\Documents\GitHub\snes-daw-cpp--attempt-69-\Project1\main.cpp(109,5): warning C4244: 'argument': conversion from 'double' to 'int', possible loss of data
C:\Users\thech\Documents\GitHub\snes-daw-cpp--attempt-69-\Project1\main.cpp(110,5): warning C4244: 'argument': conversion from 'double' to 'int', possible loss of data
C:\Users\thech\Documents\GitHub\snes-daw-cpp--attempt-69-\Project1\main.cpp(222,12): warning C4067: unexpected tokens following preprocessor directive - expected a newline
C:\Users\thech\Documents\GitHub\snes-daw-cpp--attempt-69-\Project1\main.cpp(223,12): warning C4067: unexpected tokens following preprocessor directive - expected a newline
C:\Users\thech\Documents\GitHub\snes-daw-cpp--attempt-69-\Project1\main.cpp(224,12): warning C4067: unexpected tokens following preprocessor directive - expected a newline
C:\Users\thech\Documents\GitHub\snes-daw-cpp--attempt-69-\Project1\main.cpp(225,12): warning C4067: unexpected tokens following preprocessor directive - expected a newline
C:\Users\thech\Documents\GitHub\snes-daw-cpp--attempt-69-\Project1\main.cpp(161,38): warning C4554: '>>': check operator precedence for possible error; use parentheses to clarify precedence
C:\Users\thech\Documents\GitHub\snes-daw-cpp--attempt-69-\Project1\main.cpp(204,9): warning C4244: 'argument': conversion from 'double' to 'int', possible loss of data
C:\Users\thech\Documents\GitHub\snes-daw-cpp--attempt-69-\Project1\main.cpp(205,9): warning C4244: 'argument': conversion from 'double' to 'int', possible loss of data
C:\Users\thech\Documents\GitHub\snes-daw-cpp--attempt-69-\Project1\main.cpp(269,9): warning C4005: 'r': macro redefinition
      C:\Users\thech\Documents\GitHub\snes-daw-cpp--attempt-69-\Project1\main.cpp(227,13):
      see previous definition of 'r'
  
C:\Users\thech\Documents\GitHub\snes-daw-cpp--attempt-69-\Project1\main.cpp(270,9): warning C4005: 'w': macro redefinition
      C:\Users\thech\Documents\GitHub\snes-daw-cpp--attempt-69-\Project1\main.cpp(226,13):
      see previous definition of 'w'
  
C:\Users\thech\Documents\GitHub\snes-daw-cpp--attempt-69-\Project1\main.cpp(286,28): warning C4244: 'argument': conversion from '__int64' to 'unsigned int', possible loss of data
C:\Users\thech\Documents\GitHub\snes-daw-cpp--attempt-69-\Project1\main.cpp(287,26): warning C4244: 'argument': conversion from '__int64' to 'unsigned int', possible loss of data
  Project1.vcxproj -> C:\Users\thech\Documents\GitHub\snes-daw-cpp--attempt-69-\x64\Debug\Project1.exe
