  copyfrom.cpp
  imgui-SFML.cpp
C:\Users\thech\Documents\GitHub\snes-daw-cpp--attempt-69-\Project1\imgui-sfml-3.0\imgui-SFML.h(4,10): error C1083: Cannot open include file: 'SFML/Graphics/Color.hpp': No such file or directory
  (compiling source file 'imgui-sfml-3.0/imgui-SFML.cpp')
  
  imgui.cpp
C:\Users\thech\Documents\GitHub\snes-daw-cpp--attempt-69-\Project1\ImGui\imconfig.h(139,10): error C1083: Cannot open include file: 'SFML/Graphics/Color.hpp': No such file or directory
  (compiling source file 'ImGui/imgui.cpp')
  
  imgui_draw.cpp
C:\Users\thech\Documents\GitHub\snes-daw-cpp--attempt-69-\Project1\ImGui\imconfig.h(139,10): error C1083: Cannot open include file: 'SFML/Graphics/Color.hpp': No such file or directory
  (compiling source file 'ImGui/imgui_draw.cpp')
  
  imgui_tables.cpp
C:\Users\thech\Documents\GitHub\snes-daw-cpp--attempt-69-\Project1\ImGui\imconfig.h(139,10): error C1083: Cannot open include file: 'SFML/Graphics/Color.hpp': No such file or directory
  (compiling source file 'ImGui/imgui_tables.cpp')
  
  imgui_widgets.cpp
C:\Users\thech\Documents\GitHub\snes-daw-cpp--attempt-69-\Project1\ImGui\imconfig.h(139,10): error C1083: Cannot open include file: 'SFML/Graphics/Color.hpp': No such file or directory
  (compiling source file 'ImGui/imgui_widgets.cpp')
  
  main.cpp
C:\Users\thech\Documents\GitHub\snes-daw-cpp--attempt-69-\Project1\sndemu\SPC_DSP.h(11,7): warning C4099: 'SPC_DSP': type name first seen using 'struct' now seen using 'class'
  (compiling source file 'main.cpp')
      C:\Users\thech\Documents\GitHub\snes-daw-cpp--attempt-69-\Project1\sndemu\SPC_DSP.h(11,7):
      see declaration of 'SPC_DSP'
  
C:\Users\thech\Documents\GitHub\snes-daw-cpp--attempt-69-\Project1\main.cpp(5,10): error C1083: Cannot open include file: 'SFML/Window.hpp': No such file or directory
  olcMain.cpp
  dsp.cpp
C:\Users\thech\Documents\GitHub\snes-daw-cpp--attempt-69-\Project1\sndemu\SPC_DSP.h(11,7): warning C4099: 'SPC_DSP': type name first seen using 'struct' now seen using 'class'
  (compiling source file 'sndemu/dsp.cpp')
      C:\Users\thech\Documents\GitHub\snes-daw-cpp--attempt-69-\Project1\sndemu\SPC_DSP.h(11,7):
      see declaration of 'SPC_DSP'
  
  SNES_SPC.cpp
  SNES_SPC_misc.cpp
  SNES_SPC_state.cpp
  spc.cpp
  SPC_DSP.cpp
  SPC_Filter.cpp
  Generating Code...
